Removed Pin From Net: NetName=NetC3_1 Pin=C3-1
Removed Pin From Net: NetName=NetC2_2 Pin=C3-2
Removed Pin From Net: NetName=NetC4_1 Pin=C4-1
Removed Pin From Net: NetName=NetC2_2 Pin=C4-2
Change Component Footprint: Designator=C3 Old Footprint=CAPC0402(1005)60_N New Footprint=SM0402
Change Component Footprint: Designator=C4 Old Footprint=CAPC0402(1005)60_N New Footprint=SM0402
Change Component Comment : Designator=C3 Old Comment=CAP 47pF 50V 0402(1005) New Comment=CAP CER 47PF 50V NP0 0402
Change Component Comment : Designator=C4 Old Comment=CAP 47pF 50V 0402(1005) New Comment=CAP CER 47PF 50V NP0 0402
Change component parameters: Designator = "C3"; Footprint = "SM0402"; UniqueID = "\VNITVUPL"
Change component parameters. Clean all parameters for all variants
Change component parameters (AddParameter): Name = "ComponentLink1Description"; Value = "C0402C470D5GACTU"; VariantName = "[No Variations]"
Change component parameters (AddParameter): Name = "ComponentLink1URL"; Value = "https://www.digikey.com/product-detail/en/C0402C470D5GACTU/C0402C470D5GACTU-ND/2196707?utm_campaign=buynow&WT.z_cid=ref_octopart_dkc_buynow&utm_medium=aggregator&curr=usd&site=us&utm_source=octopart"; VariantName = "[No Variations]"
Change component parameters (AddParameter): Name = "Supplier 1"; Value = "Digi-Key"; VariantName = "[No Variations]"
Change component parameters: Designator = "C4"; Footprint = "SM0402"; UniqueID = "\QVTBUPGS"
Change component parameters. Clean all parameters for all variants
Change component parameters (AddParameter): Name = "ComponentLink1Description"; Value = "C0402C470D5GACTU"; VariantName = "[No Variations]"
Change component parameters (AddParameter): Name = "ComponentLink1URL"; Value = "https://www.digikey.com/product-detail/en/C0402C470D5GACTU/C0402C470D5GACTU-ND/2196707?utm_campaign=buynow&WT.z_cid=ref_octopart_dkc_buynow&utm_medium=aggregator&curr=usd&site=us&utm_source=octopart"; VariantName = "[No Variations]"
Change component parameters (AddParameter): Name = "Supplier 1"; Value = "Digi-Key"; VariantName = "[No Variations]"
Added Pin To Net: NetName=NetC2_2 Pin=C3-1
Added Pin To Net: NetName=NetC3_1 Pin=C3-2
Added Pin To Net: NetName=NetC2_2 Pin=C4-1
Added Pin To Net: NetName=NetC4_1 Pin=C4-2
Change Net Name : Old Net Name=NetC3_1 New Net Name=NetC3_2
Change Net Name : Old Net Name=NetC4_1 New Net Name=NetC4_2
